*** Starting uWSGI 2.0.10 (64bit) on [Sat Apr 18 16:37:43 2015] ***
compiled with version: 4.8.2 on 18 April 2015 15:12:58
os: Linux-3.13.0-32-generic #57-Ubuntu SMP Tue Jul 15 03:51:08 UTC 2014
nodename: iZ2356z6vn9Z
machine: x86_64
clock source: unix
detected number of CPU cores: 1
current working directory: /home/GitRepo1/yugi/2
detected binary path: /home/GitRepo1/yugi/2/venv/bin/uwsgi
!!! no internal routing support, rebuild with pcre support !!!
uWSGI running as root, you can use --uid/--gid/--chroot options
*** WARNING: you are running uWSGI as root !!! (use the --uid flag) *** 
*** WARNING: you are running uWSGI without its master process manager ***
your processes number limit is 3738
your memory page size is 4096 bytes
detected max file descriptor number: 65535
lock engine: pthread robust mutexes
thunder lock: disabled (you can enable it with --thunder-lock)
uwsgi socket 0 bound to UNIX address /home/GitRepo1/yugi/2/app_uwsgi.sock fd 3
Python version: 2.7.6 (default, Mar 22 2014, 23:03:41)  [GCC 4.8.2]
Set PythonHome to /home/GitRepo1/yugi/2/venv
*** Python threads support is disabled. You can enable it with --enable-threads ***
Python main interpreter initialized at 0xc16790
your server socket listen backlog is limited to 100 connections
your mercy for graceful operations on workers is 60 seconds
mapped 72760 bytes (71 KB) for 1 cores
*** Operational MODE: single process ***
added /home/GitRepo1/yugi/2/ to pythonpath.
WSGI app 0 (mountpoint='') ready in 0 seconds on interpreter 0xc16790 pid: 15759 (default app)
*** uWSGI is running in multiple interpreter mode ***
spawned uWSGI worker 1 (and the only) (pid: 15759, cores: 1)
[pid: 15759|app: 0|req: 1/1] 123.157.213.239 () {38 vars in 607 bytes} [Sat Apr 18 16:37:47 2015] GET /czh => generated 3 bytes in 11 msecs (HTTP/1.1 200) 2 headers in 78 bytes (1 switches on core 0)
*** Starting uWSGI 2.0.10 (64bit) on [Sat Apr 18 16:38:08 2015] ***
compiled with version: 4.8.2 on 18 April 2015 15:12:58
os: Linux-3.13.0-32-generic #57-Ubuntu SMP Tue Jul 15 03:51:08 UTC 2014
nodename: iZ2356z6vn9Z
machine: x86_64
clock source: unix
detected number of CPU cores: 1
current working directory: /home/GitRepo1/yugi/2
detected binary path: /home/GitRepo1/yugi/2/venv/bin/uwsgi
!!! no internal routing support, rebuild with pcre support !!!
uWSGI running as root, you can use --uid/--gid/--chroot options
*** WARNING: you are running uWSGI as root !!! (use the --uid flag) *** 
*** WARNING: you are running uWSGI without its master process manager ***
your processes number limit is 3738
your memory page size is 4096 bytes
detected max file descriptor number: 65535
lock engine: pthread robust mutexes
thunder lock: disabled (you can enable it with --thunder-lock)
uwsgi socket 0 bound to UNIX address /home/GitRepo1/yugi/2/app_uwsgi.sock fd 3
Python version: 2.7.6 (default, Mar 22 2014, 23:03:41)  [GCC 4.8.2]
Set PythonHome to /home/GitRepo1/yugi/2/venv
*** Python threads support is disabled. You can enable it with --enable-threads ***
Python main interpreter initialized at 0x20cff30
your server socket listen backlog is limited to 100 connections
your mercy for graceful operations on workers is 60 seconds
mapped 72760 bytes (71 KB) for 1 cores
*** Operational MODE: single process ***
added /home/GitRepo1/yugi/2/ to pythonpath.
WSGI app 0 (mountpoint='') ready in 1 seconds on interpreter 0x20cff30 pid: 15771 (default app)
*** uWSGI is running in multiple interpreter mode ***
spawned uWSGI worker 1 (and the only) (pid: 15771, cores: 1)
[pid: 15771|app: 0|req: 1/1] 123.157.213.239 () {38 vars in 607 bytes} [Sat Apr 18 16:38:12 2015] GET /czh => generated 3 bytes in 10 msecs (HTTP/1.1 200) 2 headers in 78 bytes (1 switches on core 0)
[pid: 15771|app: 0|req: 2/2] 123.157.213.239 () {38 vars in 601 bytes} [Sat Apr 18 16:38:15 2015] GET / => generated 12 bytes in 1 msecs (HTTP/1.1 200) 2 headers in 79 bytes (1 switches on core 0)
[pid: 15771|app: 0|req: 3/3] 123.157.213.239 () {38 vars in 607 bytes} [Sat Apr 18 16:38:24 2015] GET /czh => generated 3 bytes in 1 msecs (HTTP/1.1 200) 2 headers in 78 bytes (1 switches on core 0)
[pid: 15771|app: 0|req: 4/4] 123.157.213.239 () {38 vars in 608 bytes} [Sat Apr 18 16:40:00 2015] GET /czh => generated 3 bytes in 1 msecs (HTTP/1.1 200) 2 headers in 78 bytes (1 switches on core 0)
[pid: 15771|app: 0|req: 5/5] 123.157.213.239 () {38 vars in 602 bytes} [Sat Apr 18 16:40:02 2015] GET / => generated 12 bytes in 1 msecs (HTTP/1.1 200) 2 headers in 79 bytes (1 switches on core 0)
[pid: 15771|app: 0|req: 6/6] 123.157.213.239 () {42 vars in 655 bytes} [Sat Apr 18 16:40:05 2015] GET / => generated 12 bytes in 1 msecs (HTTP/1.1 200) 2 headers in 79 bytes (1 switches on core 0)
[pid: 15771|app: 0|req: 7/7] 123.157.213.239 () {42 vars in 655 bytes} [Sat Apr 18 16:40:07 2015] GET / => generated 12 bytes in 1 msecs (HTTP/1.1 200) 2 headers in 79 bytes (1 switches on core 0)
*** Starting uWSGI 2.0.10 (64bit) on [Sat Apr 18 16:40:21 2015] ***
compiled with version: 4.8.2 on 18 April 2015 15:12:58
os: Linux-3.13.0-32-generic #57-Ubuntu SMP Tue Jul 15 03:51:08 UTC 2014
nodename: iZ2356z6vn9Z
machine: x86_64
clock source: unix
detected number of CPU cores: 1
current working directory: /home/GitRepo1/yugi/2
detected binary path: /home/GitRepo1/yugi/2/venv/bin/uwsgi
!!! no internal routing support, rebuild with pcre support !!!
uWSGI running as root, you can use --uid/--gid/--chroot options
*** WARNING: you are running uWSGI as root !!! (use the --uid flag) *** 
*** WARNING: you are running uWSGI without its master process manager ***
your processes number limit is 3738
your memory page size is 4096 bytes
detected max file descriptor number: 65535
lock engine: pthread robust mutexes
thunder lock: disabled (you can enable it with --thunder-lock)
uwsgi socket 0 bound to UNIX address /home/GitRepo1/yugi/2/app_uwsgi.sock fd 3
Python version: 2.7.6 (default, Mar 22 2014, 23:03:41)  [GCC 4.8.2]
Set PythonHome to /home/GitRepo1/yugi/2/venv
*** Python threads support is disabled. You can enable it with --enable-threads ***
Python main interpreter initialized at 0x2329f30
your server socket listen backlog is limited to 100 connections
your mercy for graceful operations on workers is 60 seconds
mapped 72760 bytes (71 KB) for 1 cores
*** Operational MODE: single process ***
added /home/GitRepo1/yugi/2/ to pythonpath.
WSGI app 0 (mountpoint='') ready in 0 seconds on interpreter 0x2329f30 pid: 15795 (default app)
*** uWSGI is running in multiple interpreter mode ***
spawned uWSGI worker 1 (and the only) (pid: 15795, cores: 1)
[pid: 15795|app: 0|req: 1/1] 123.157.213.239 () {38 vars in 602 bytes} [Sat Apr 18 16:40:23 2015] GET / => generated 21 bytes in 10 msecs (HTTP/1.1 200) 2 headers in 79 bytes (1 switches on core 0)
[pid: 15795|app: 0|req: 2/2] 123.157.213.239 () {38 vars in 602 bytes} [Sat Apr 18 16:40:40 2015] GET / => generated 21 bytes in 1 msecs (HTTP/1.1 200) 2 headers in 79 bytes (1 switches on core 0)
[pid: 15795|app: 0|req: 3/3] 123.157.213.162 () {38 vars in 637 bytes} [Sat Apr 18 16:52:09 2015] GET / => generated 21 bytes in 1 msecs (HTTP/1.1 200) 2 headers in 79 bytes (1 switches on core 0)
[pid: 15795|app: 0|req: 4/4] 183.157.162.56 () {38 vars in 590 bytes} [Sat Apr 18 16:53:32 2015] GET / => generated 21 bytes in 1 msecs (HTTP/1.1 200) 2 headers in 79 bytes (1 switches on core 0)
[pid: 15795|app: 0|req: 5/5] 183.157.162.56 () {38 vars in 612 bytes} [Sat Apr 18 16:53:32 2015] GET /favicon.ico => generated 233 bytes in 13 msecs (HTTP/1.1 404) 2 headers in 72 bytes (1 switches on core 0)
[pid: 15795|app: 0|req: 6/6] 183.157.162.56 () {38 vars in 612 bytes} [Sat Apr 18 16:53:32 2015] GET /favicon.ico => generated 233 bytes in 1 msecs (HTTP/1.1 404) 2 headers in 72 bytes (1 switches on core 0)
